빌드 시작: 2015-10-16 오후 2:48:47
     1>2 노드의 "C:\Users\jhyun19\Desktop\ConsoleApplication2\ConsoleApplication2\ConsoleApplication2.vcxproj" 프로젝트(Build 대상)입니다.
     1>ClCompile:
         C:\Program Files (x86)\Microsoft Visual Studio 11.0\VC\bin\CL.exe /c /ZI /nologo /W3 /WX- /Od /Oy- /D WIN32 /D _DEBUG /D _CONSOLE /D _UNICODE /D UNICODE /Gm /EHsc /RTC1 /MDd /GS /fp:precise /Zc:wchar_t /Zc:forScope /Fo"Debug\\" /Fd"Debug\vc110.pdb" /Gd /TC /analyze- /errorReport:prompt func.c main.c
         main.c
     1>c:\users\jhyun19\desktop\consoleapplication2\consoleapplication2\main.c(9): warning C4013: 'Init_Scheduler'이(가) 정의되지 않았습니다. extern은 int형을 반환하는 것으로 간주합니다.
     1>c:\users\jhyun19\desktop\consoleapplication2\consoleapplication2\main.c(10): warning C4013: 'Init_Track'이(가) 정의되지 않았습니다. extern은 int형을 반환하는 것으로 간주합니다.
     1>c:\users\jhyun19\desktop\consoleapplication2\consoleapplication2\main.c(11): warning C4013: 'Init_Elevator'이(가) 정의되지 않았습니다. extern은 int형을 반환하는 것으로 간주합니다.
         func.c
     1>c:\users\jhyun19\desktop\consoleapplication2\consoleapplication2\func.c(373): warning C4013: 'Track_On_Off'이(가) 정의되지 않았습니다. extern은 int형을 반환하는 것으로 간주합니다.
     1>c:\users\jhyun19\desktop\consoleapplication2\consoleapplication2\func.c(518): warning C4996: 'fopen': This function or variable may be unsafe. Consider using fopen_s instead. To disable deprecation, use _CRT_SECURE_NO_WARNINGS. See online help for details.
                 c:\program files (x86)\microsoft visual studio 11.0\vc\include\stdio.h(218) : 'fopen' 선언을 참조하십시오.
     1>c:\users\jhyun19\desktop\consoleapplication2\consoleapplication2\func.c(525): warning C4996: 'fscanf': This function or variable may be unsafe. Consider using fscanf_s instead. To disable deprecation, use _CRT_SECURE_NO_WARNINGS. See online help for details.
                 c:\program files (x86)\microsoft visual studio 11.0\vc\include\stdio.h(237) : 'fscanf' 선언을 참조하십시오.
     1>c:\users\jhyun19\desktop\consoleapplication2\consoleapplication2\func.c(528): warning C4996: 'fscanf': This function or variable may be unsafe. Consider using fscanf_s instead. To disable deprecation, use _CRT_SECURE_NO_WARNINGS. See online help for details.
                 c:\program files (x86)\microsoft visual studio 11.0\vc\include\stdio.h(237) : 'fscanf' 선언을 참조하십시오.
     1>c:\users\jhyun19\desktop\consoleapplication2\consoleapplication2\func.c(554): warning C4101: 'i' :참조되지 않은 지역 변수입니다.
         코드를 생성하고 있습니다...
       Link:
         C:\Program Files (x86)\Microsoft Visual Studio 11.0\VC\bin\link.exe /ERRORREPORT:PROMPT /OUT:"C:\Users\jhyun19\Desktop\ConsoleApplication2\Debug\ConsoleApplication2.exe" /INCREMENTAL /NOLOGO kernel32.lib user32.lib gdi32.lib winspool.lib comdlg32.lib advapi32.lib shell32.lib ole32.lib oleaut32.lib uuid.lib odbc32.lib odbccp32.lib /MANIFEST /MANIFESTUAC:"level='asInvoker' uiAccess='false'" /manifest:embed /DEBUG /PDB:"C:\Users\jhyun19\Desktop\ConsoleApplication2\Debug\ConsoleApplication2.pdb" /SUBSYSTEM:CONSOLE /TLBID:1 /DYNAMICBASE /NXCOMPAT /IMPLIB:"C:\Users\jhyun19\Desktop\ConsoleApplication2\Debug\ConsoleApplication2.lib" /MACHINE:X86 Debug\func.obj
         Debug\main.obj
         ConsoleApplication2.vcxproj -> C:\Users\jhyun19\Desktop\ConsoleApplication2\Debug\ConsoleApplication2.exe
     1>"C:\Users\jhyun19\Desktop\ConsoleApplication2\ConsoleApplication2\ConsoleApplication2.vcxproj" 프로젝트를 빌드했습니다(Build 대상).

빌드했습니다.

경과 시간: 00:00:02.37
